2,4c2,7
<                    * *                  |    **                       **        
<                                         |   *  *                     *  *       
<                   *   *                 |                                       
---
>                     * *                 |     **                       **       
>                                         |    *  *                     *  *      
>                    *   *                |                                       
>                                         |   *                        *          
>                         *               |        *                        *     
>                   *                     |                                       
6,12d8
<                        *                |       *                        *      
<                  *                      |                                       
<                                         | *                        *            
<                                         |                                 *     
<                         *               |        *                              
<                 *                       |                                       
<                                         |*                        *             
15,17c11,12
< *                                       |                                       
<                *                        |                                       
<                                         *                        *              
---
> *                *                      |                                       
>                                         | *                        *            
21,22c16,17
<               *                        *|                                       
< ________________________________________|_______________________*_______________
---
>                 *                       |                                       
>                                         |*                        *             
26,27c21,22
<              *                        * |                                       
<                                         |                      *                
---
> _______________*________________________*_______________________________________
>                                         |                        *              
31,32c26,28
<             *                        *  |                                       
<                                         |                     *                *
---
>               *                        *|                                       
>                                         |                       *               
>                                         |                                      *
34a31,37
>              *                        * |                                       
>                                         |                      *                
>                               *         |              *                        
>      *                                  |                                       
>             *                        *  |                                       
>                                         |                     *                 
>       *                        *        |               *                       
36,41c39,41
<                                         |                    *                  
<      *                        *         |              *                        
<           *                        *    |                                       
<                                         |               *   *                   
<       *  *                     *  *     |                                       
<        **                       **      |                ***                    
---
>                                         |                *   *                  
>        *  *                     *  *    |                                       
>         **                       **     |                 ***                   
