RPN Plotter.
                   * *                  |    **                       **        
                                        |   *  *                     *  *       
                  *   *                 |                                       
                                        |  *                        *           
                       *                |       *                        *      
                 *                      |                                       
                                        | *                        *            
                                        |                                 *     
                        *               |        *                              
                *                       |                                       
                                        |*                        *             
                                        |                                  *    
                         *              |         *                             
*                                       |                                       
               *                        |                                       
                                        *                        *              
                                        |                                   *   
                          *             |          *                            
 *                                      |                                       
              *                        *|                                       
________________________________________|_______________________*_______________
                                        |                                    *  
                           *            |           *                           
  *                                     |                                       
             *                        * |                                       
                                        |                      *                
                                        |                                     * 
                            *           |            *                          
   *                                    |                                       
            *                        *  |                                       
                                        |                     *                *
                             *          |             *                         
    *                                   |                                       
           *                        *   |                                       
                                        |                    *                  
     *                        *         |              *                        
          *                        *    |                                       
                                        |               *   *                   
      *  *                     *  *     |                                       
       **                       **      |                ***                    
