[master (root-commit) 195006e] otal of otalmax
 Committer: CS24000 Account <cs240@data.cs.purdue.edu>
Your name and email address were configured automatically based
on your username and hostname. Please check that they are accurate.
You can suppress this message by setting them explicitly:

    git config --global user.name "Your Name"
    git config --global user.email you@example.com

After doing this, you may fix the identity used for this commit with:

    git commit --amend --reset-author

 11 files changed, 811 insertions(+)
 create mode 100644 .local.git.out
 create mode 100644 HashTableVoid.cc
 create mode 100644 HashTableVoid.h
 create mode 100755 HashTableVoidTest
 create mode 100644 HashTableVoidTest.cc
 create mode 100755 IRCServer
 create mode 100644 IRCServer.cc
 create mode 100644 IRCServer.h
 create mode 100755 Makefile
 create mode 100755 talk-server
 create mode 100755 testall
[master 31a87fe] 0 of 12
 Committer: CS24000 Account <cs240@data.cs.purdue.edu>
Your name and email address were configured automatically based
on your username and hostname. Please check that they are accurate.
You can suppress this message by setting them explicitly:

    git config --global user.name "Your Name"
    git config --global user.email you@example.com

After doing this, you may fix the identity used for this commit with:

    git commit --amend --reset-author

 5 files changed, 35 insertions(+)
 create mode 100644 .local.total.out
 create mode 100644 diff.out
 create mode 100644 total.out
 create mode 100644 total.txt
[master 3f7cda3] otal of otalmax
 Committer: CS24000 Account <cs240@data.cs.purdue.edu>
Your name and email address were configured automatically based
on your username and hostname. Please check that they are accurate.
You can suppress this message by setting them explicitly:

    git config --global user.name "Your Name"
    git config --global user.email you@example.com

After doing this, you may fix the identity used for this commit with:

    git commit --amend --reset-author

 3 files changed, 18 insertions(+), 2 deletions(-)
 rename diff.out => none (100%)
 delete mode 100644 total.out
[master d546088] 12 of 12
 Committer: CS24000 Account <cs240@data.cs.purdue.edu>
Your name and email address were configured automatically based
on your username and hostname. Please check that they are accurate.
You can suppress this message by setting them explicitly:

    git config --global user.name "Your Name"
    git config --global user.email you@example.com

After doing this, you may fix the identity used for this commit with:

    git commit --amend --reset-author

 7 files changed, 26 insertions(+), 6 deletions(-)
 create mode 100644 diff.out
 create mode 100644 prog.org.out
 create mode 100644 prog.out
 create mode 100644 total.out
[master 0c99a0a] otal of otalmax
 Committer: CS24000 Account <cs240@data.cs.purdue.edu>
Your name and email address were configured automatically based
on your username and hostname. Please check that they are accurate.
You can suppress this message by setting them explicitly:

    git config --global user.name "Your Name"
    git config --global user.email you@example.com

After doing this, you may fix the identity used for this commit with:

    git commit --amend --reset-author

 6 files changed, 18 insertions(+), 2 deletions(-)
 create mode 100755 HashTableVoidTest.org
 delete mode 100644 diff.out
 delete mode 100644 prog.org.out
 delete mode 100644 prog.out
 delete mode 100644 total.out
[master e4c08cd] 0 of 12
 Committer: CS24000 Account <cs240@data.cs.purdue.edu>
Your name and email address were configured automatically based
on your username and hostname. Please check that they are accurate.
You can suppress this message by setting them explicitly:

    git config --global user.name "Your Name"
    git config --global user.email you@example.com

After doing this, you may fix the identity used for this commit with:

    git commit --amend --reset-author

 7 files changed, 32 insertions(+), 6 deletions(-)
 create mode 100644 diff.out
 create mode 100644 prog.org.out
 create mode 100644 prog.out
 create mode 100644 total.out
[master e7d364c] otal of otalmax
 Committer: CS24000 Account <cs240@data.cs.purdue.edu>
Your name and email address were configured automatically based
on your username and hostname. Please check that they are accurate.
You can suppress this message by setting them explicitly:

    git config --global user.name "Your Name"
    git config --global user.email you@example.com

After doing this, you may fix the identity used for this commit with:

    git commit --amend --reset-author

 5 files changed, 18 insertions(+), 5 deletions(-)
 delete mode 100644 diff.out
 delete mode 100644 prog.org.out
 delete mode 100644 prog.out
 delete mode 100644 total.out
[master a203c20] 0 of 12
 Committer: CS24000 Account <cs240@data.cs.purdue.edu>
Your name and email address were configured automatically based
on your username and hostname. Please check that they are accurate.
You can suppress this message by setting them explicitly:

    git config --global user.name "Your Name"
    git config --global user.email you@example.com

After doing this, you may fix the identity used for this commit with:

    git commit --amend --reset-author

 6 files changed, 25 insertions(+)
 create mode 100644 diff.out
 create mode 100644 prog.org.out
 create mode 100644 prog.out
 create mode 100644 total.out
[master ce9b998] otal of otalmax
 Committer: CS24000 Account <cs240@data.cs.purdue.edu>
Your name and email address were configured automatically based
on your username and hostname. Please check that they are accurate.
You can suppress this message by setting them explicitly:

    git config --global user.name "Your Name"
    git config --global user.email you@example.com

After doing this, you may fix the identity used for this commit with:

    git commit --amend --reset-author

 5 files changed, 18 insertions(+), 5 deletions(-)
 delete mode 100644 diff.out
 delete mode 100644 prog.org.out
 delete mode 100644 prog.out
 delete mode 100644 total.out
[master 504054b] 0 of 12
 Committer: CS24000 Account <cs240@data.cs.purdue.edu>
Your name and email address were configured automatically based
on your username and hostname. Please check that they are accurate.
You can suppress this message by setting them explicitly:

    git config --global user.name "Your Name"
    git config --global user.email you@example.com

After doing this, you may fix the identity used for this commit with:

    git commit --amend --reset-author

 6 files changed, 25 insertions(+)
 create mode 100644 diff.out
 create mode 100644 prog.org.out
 create mode 100644 prog.out
 create mode 100644 total.out
[master 0d0f08b] Make IRCServer
 8 files changed, 19 insertions(+), 6 deletions(-)
 delete mode 100644 diff.out
 delete mode 100644 prog.org.out
 delete mode 100644 prog.out
 delete mode 100644 total.out
[master d87256d] Make IRCServer
 1 file changed, 6 insertions(+)
[master 0aab772] 0 of 12
 6 files changed, 9 insertions(+)
 create mode 100644 diff.out
 create mode 100644 prog.org.out
 create mode 100644 prog.out
 create mode 100644 total.out
[master df6db33] Make IRCServer
 8 files changed, 13 insertions(+), 6 deletions(-)
 create mode 100644 .HashTableVoid.h.swp
 delete mode 100644 diff.out
 delete mode 100644 prog.org.out
 delete mode 100644 prog.out
 delete mode 100644 total.out
[master d0a216c] 0 of 12
 6 files changed, 14 insertions(+)
 create mode 100644 diff.out
 create mode 100644 prog.org.out
 create mode 100644 prog.out
 create mode 100644 total.out
[master 96c282d] Make IRCServer
 8 files changed, 74 insertions(+), 21 deletions(-)
 rename .HashTableVoid.h.swp => .HashTableVoid.cc.swp (74%)
 rewrite HashTableVoidTest (82%)
 delete mode 100644 diff.out
 delete mode 100644 prog.org.out
 delete mode 100644 prog.out
 delete mode 100644 total.out
[master 0a6a5d7] 4 of 12
 8 files changed, 17 insertions(+), 2 deletions(-)
 create mode 100644 diff.out
 create mode 100644 prog.org.out
 create mode 100644 prog.out
 create mode 100644 total.out
[master e14d7fe] Make IRCServer
 8 files changed, 7 insertions(+), 6 deletions(-)
 delete mode 100644 diff.out
 delete mode 100644 prog.org.out
 delete mode 100644 prog.out
 delete mode 100644 total.out
[master e554aa3] 8 of 12
 8 files changed, 14 insertions(+), 2 deletions(-)
 create mode 100644 diff.out
 create mode 100644 prog.org.out
 create mode 100644 prog.out
 create mode 100644 total.out
[master c956378] Make IRCServer
 9 files changed, 28 insertions(+), 8 deletions(-)
 delete mode 100644 .HashTableVoid.cc.swp
 create mode 100644 .HashTableVoidTest.cc.swp
 delete mode 100644 diff.out
 delete mode 100644 prog.org.out
 delete mode 100644 prog.out
 delete mode 100644 total.out
[master 2afdb46] 12 of 12
 7 files changed, 16 insertions(+), 2 deletions(-)
 create mode 100644 diff.out
 create mode 100644 prog.org.out
 create mode 100644 prog.out
 create mode 100644 total.out
[master fe3cd1d] Make IRCServer
 7 files changed, 6 insertions(+), 5 deletions(-)
 delete mode 100644 diff.out
 delete mode 100644 prog.org.out
 delete mode 100644 prog.out
 delete mode 100644 total.out
[master 35cdd3e] 12 of 12
 6 files changed, 12 insertions(+)
 create mode 100644 diff.out
 create mode 100644 prog.org.out
 create mode 100644 prog.out
 create mode 100644 total.out
[master 272c9aa] Make IRCServer
 6 files changed, 6 insertions(+), 4 deletions(-)
 delete mode 100644 .HashTableVoidTest.cc.swp
 delete mode 100644 diff.out
 delete mode 100644 prog.org.out
 delete mode 100644 prog.out
 delete mode 100644 total.out
[master c765fb9] 12 of 12
 6 files changed, 13 insertions(+)
 create mode 100644 diff.out
 create mode 100644 prog.org.out
 create mode 100644 prog.out
 create mode 100644 total.out
[master 42ef64b] Make IRCServer
 5 files changed, 6 insertions(+), 4 deletions(-)
 delete mode 100644 diff.out
 delete mode 100644 prog.org.out
 delete mode 100644 prog.out
 delete mode 100644 total.out
[master e385d44] 12 of 12
 6 files changed, 12 insertions(+)
 create mode 100644 diff.out
 create mode 100644 prog.org.out
 create mode 100644 prog.out
 create mode 100644 total.out
[master b0d80d1] Make IRCServer
 4 files changed, 8 insertions(+), 1 deletion(-)
 rewrite IRCServer (76%)
[master 1f9a30f] Make IRCServer
 5 files changed, 3 insertions(+), 4 deletions(-)
 delete mode 100644 diff.out
 delete mode 100644 prog.org.out
 delete mode 100644 prog.out
 delete mode 100644 total.out
[master 937022b] 12 of 12
 6 files changed, 12 insertions(+)
 create mode 100644 diff.out
 create mode 100644 prog.org.out
 create mode 100644 prog.out
 create mode 100644 total.out
[master 1e9f7d3] Make IRCServer
 4 files changed, 10 insertions(+)
 rename IRCServer => .nfs000000000396658a00000dea (100%)
 rewrite IRCServer (73%)
[master 0d7a4e6] Make IRCServer
 3 files changed, 7 insertions(+)
[master c1eb259] Make IRCServer
 4 files changed, 6 insertions(+), 10 deletions(-)
 delete mode 100755 .nfs000000000396658a00000dea
[master 461b197] Make IRCServer
 4 files changed, 4 insertions(+), 1 deletion(-)
 create mode 100755 .nfs000000000396658a00000deb
[master 2a59df2] Make IRCServer
 6 files changed, 22 insertions(+), 1 deletion(-)
 delete mode 100755 .nfs000000000396658a00000deb
 rename IRCServer => .nfs00000000039667d000000dec (100%)
 rewrite IRCServer (75%)
 create mode 100644 password.txt
[master 70c3bb1] Make IRCServer
 6 files changed, 13 insertions(+), 7 deletions(-)
 create mode 100644 .HashTableVoidTest.cc.swp
 rename IRCServer => .nfs000000000396658a00000ded (100%)
 delete mode 100755 .nfs00000000039667d000000dec
 rewrite IRCServer (67%)
[master 279137a] Make IRCServer
 3 files changed, 8 insertions(+), 1 deletion(-)
[master bb64751] Make IRCServer
 6 files changed, 7 insertions(+), 5 deletions(-)
 delete mode 100644 .HashTableVoidTest.cc.swp
 delete mode 100755 .nfs000000000396658a00000ded
 create mode 100755 .nfs00000000039667d000000dee
[master 9c8cfe7] Make IRCServer
 4 files changed, 6 insertions(+), 2 deletions(-)
 create mode 100755 .nfs00000000039667d400000def
 rename .nfs00000000039667d000000dee => IRCServer (78%)
[master 4719090] Make IRCServer
 6 files changed, 25 insertions(+), 8 deletions(-)
 create mode 100644 .HashTableVoidTest.cc.swp
 rename IRCServer => .nfs000000000396658a00000df0 (100%)
 delete mode 100755 .nfs00000000039667d400000def
 rewrite IRCServer (67%)
[master fbc6976] Make IRCServer
 7 files changed, 7 insertions(+), 7 deletions(-)
 delete mode 100644 .HashTableVoidTest.cc.swp
 delete mode 100755 .nfs000000000396658a00000df0
 create mode 100755 .nfs00000000039667d400000df1
[master c333e43] Make IRCServer
 4 files changed, 6 insertions(+), 1 deletion(-)
 rename .nfs00000000039667d400000df1 => .nfs000000000396658a00000df3 (90%)
[master 1d99f72] Make IRCServer
 4 files changed, 4 insertions(+)
 rename .nfs000000000396658a00000df3 => .nfs00000000039667d000000df4 (99%)
[master e26aeb3] Make IRCServer
 5 files changed, 7 insertions(+)
 rename .nfs00000000039667d000000df4 => .nfs000000000396658a00000df5 (72%)
[master 54c0f06] Make IRCServer
 5 files changed, 15 insertions(+), 2 deletions(-)
 create mode 100644 .HashTableVoidTest.cc.swp
 rename .nfs000000000396658a00000df5 => IRCServer (62%)
[master 6ec3004] Make IRCServer
 12 files changed, 42 insertions(+), 10 deletions(-)
 rewrite IRCServer (61%)
 delete mode 100644 diff.out
 delete mode 100644 none
 create mode 100644 notes.txt
 delete mode 100644 prog.org.out
 delete mode 100644 prog.out
 create mode 100755 test1.sh
 delete mode 100644 total.out
[master 6140227] Make IRCServer
 1 file changed, 10 insertions(+)
[master 6de00dd] 0 of 12
 5 files changed, 12 insertions(+), 6 deletions(-)
 create mode 100644 diff.out
 create mode 100644 total.out
[master b2433de] Make IRCServer
 1 file changed, 4 insertions(+)
[master df5d85f] Make IRCServer
 3 files changed, 2 insertions(+), 2 deletions(-)
 delete mode 100644 diff.out
 delete mode 100644 total.out
[master 09da95a] 0 of 12
 4 files changed, 8 insertions(+)
 create mode 100644 diff.out
 create mode 100644 total.out
[master 7b16833] Make IRCServer
 3 files changed, 4 insertions(+), 2 deletions(-)
 delete mode 100644 diff.out
 delete mode 100644 total.out
[master 270926a] 0 of 12
 4 files changed, 8 insertions(+)
 create mode 100644 diff.out
 create mode 100644 total.out
[master 11c6b47] Make IRCServer
 5 files changed, 5 insertions(+), 2 deletions(-)
 create mode 100755 .nfs000000000396654300000df8
 delete mode 100644 diff.out
 delete mode 100644 total.out
[master e051db1] 0 of 12
 4 files changed, 9 insertions(+)
 create mode 100644 diff.out
 create mode 100644 total.out
[master 093d330] Make IRCServer
 5 files changed, 4 insertions(+), 2 deletions(-)
 delete mode 100644 .HashTableVoidTest.cc.swp
 delete mode 100755 .nfs000000000396654300000df8
 delete mode 100644 diff.out
 delete mode 100644 total.out
[master 76b608f] 0 of 12
 4 files changed, 10 insertions(+)
 create mode 100644 diff.out
 create mode 100644 total.out
[master 264b764] Make IRCServer
 3 files changed, 4 insertions(+), 2 deletions(-)
 rename diff.out => none (100%)
 delete mode 100644 total.out
[master 024f0f0] 12 of 12
 7 files changed, 16 insertions(+), 6 deletions(-)
 create mode 100644 diff.out
 create mode 100644 prog.org.out
 create mode 100644 prog.out
 create mode 100644 total.out
[master daee733] Make IRCServer
 3 files changed, 29 insertions(+)
[master 448e6b3] Make IRCServer
 6 files changed, 3 insertions(+), 4 deletions(-)
 delete mode 100644 diff.out
 delete mode 100644 prog.org.out
 delete mode 100644 prog.out
 delete mode 100644 total.out
[master 3a4fdb5] 12 of 12
 6 files changed, 12 insertions(+)
 create mode 100644 diff.out
 create mode 100644 prog.org.out
 create mode 100644 prog.out
 create mode 100644 total.out
[master c9f8894] Make IRCServer
 3 files changed, 7 insertions(+)
[master 8a92616] Make IRCServer
 2 files changed, 3 insertions(+), 1 deletion(-)
[master eb8fe96] Make IRCServer
 3 files changed, 3 insertions(+), 1 deletion(-)
[master 46ca653] Make IRCServer
 3 files changed, 3 insertions(+), 1 deletion(-)
[master 4dcd765] Make IRCServer
 4 files changed, 3 insertions(+), 2 deletions(-)
[master 9ff6fa1] Make IRCServer
 4 files changed, 3 insertions(+), 1 deletion(-)
 create mode 100644 .IRCServer.cc.swp
[master f5cfa8d] Make IRCServer
 4 files changed, 5 insertions(+), 2 deletions(-)
[master 7f5a1ed] Make IRCServer
 4 files changed, 3 insertions(+), 1 deletion(-)
[master 4f32f70] Make IRCServer
 4 files changed, 4 insertions(+), 2 deletions(-)
 delete mode 100644 .IRCServer.cc.swp
[master 3cba6ca] Make IRCServer
 4 files changed, 7 insertions(+), 3 deletions(-)
[master d21a75b] Make IRCServer
 4 files changed, 6 insertions(+), 2 deletions(-)
 create mode 100644 .IRCServer.cc.swp
[master e5a1849] Make IRCServer
 4 files changed, 4 insertions(+)
[master f2a8183] Make IRCServer
 4 files changed, 4 insertions(+), 2 deletions(-)
 delete mode 100644 .IRCServer.cc.swp
[master 724f602] Make IRCServer
 4 files changed, 7 insertions(+), 2 deletions(-)
 create mode 100644 .IRCServer.cc.swp
[master 777519b] Make IRCServer
 4 files changed, 9 insertions(+)
 delete mode 100644 .IRCServer.cc.swp
[master f674778] Make IRCServer
 4 files changed, 7 insertions(+)
 create mode 100644 .HashTableVoidTest.cc.swp
 rewrite IRCServer (60%)
[master 4d53fc3] Make IRCServer
 5 files changed, 5 insertions(+), 5 deletions(-)
 delete mode 100644 .HashTableVoidTest.cc.swp
 create mode 100644 .IRCServer.cc.swp
 rewrite IRCServer (61%)
[master 7757ba0] Make IRCServer
 4 files changed, 13 insertions(+), 6 deletions(-)
 delete mode 100644 .IRCServer.cc.swp
[master ff3cea2] Make IRCServer
 5 files changed, 44 insertions(+), 7 deletions(-)
 create mode 100644 .IRCServer.h.swp
 rewrite IRCServer (65%)
[master abf39bb] Make IRCServer
 5 files changed, 6 insertions(+), 2 deletions(-)
 create mode 100644 .IRCServer.cc.swp
 delete mode 100644 .IRCServer.h.swp
[master 6f33016] Make IRCServer
 4 files changed, 26 insertions(+), 3 deletions(-)
[master f80b33e] Make IRCServer
 8 files changed, 413 insertions(+), 44 deletions(-)
 delete mode 100644 .IRCServer.cc.swp
 rewrite IRCServer (80%)
 create mode 100644 LinkedList.c
 create mode 100644 LinkedList.h
 delete mode 100755 talk-server
[master 59b9753] Make IRCServer
 5 files changed, 7 insertions(+), 4 deletions(-)
 delete mode 100644 diff.out
 delete mode 100644 prog.org.out
 delete mode 100644 prog.out
 delete mode 100644 total.out
[master 5a1a8f9] 12 of 12
 6 files changed, 12 insertions(+)
 create mode 100644 diff.out
 create mode 100644 prog.org.out
 create mode 100644 prog.out
 create mode 100644 total.out
[master 0a404e0] Make IRCServer
 8 files changed, 459 insertions(+), 410 deletions(-)
 delete mode 100644 LinkedList.c
 delete mode 100644 LinkedList.h
 create mode 100644 linked_list.c
 create mode 100644 linked_list.h
[master 8375869] Make IRCServer
 3 files changed, 56 insertions(+), 72 deletions(-)
 rewrite IRCServer (75%)
[master 2568011] Make IRCServer
 4 files changed, 9 insertions(+), 5 deletions(-)
[master 2c0a823] Make IRCServer
 4 files changed, 26 insertions(+), 9 deletions(-)
[master 584b45b] Make IRCServer
 3 files changed, 19 insertions(+), 4 deletions(-)
[master 33e4090] Make IRCServer
 3 files changed, 20 insertions(+), 5 deletions(-)
[master b02c75e] Make IRCServer
 3 files changed, 31 insertions(+), 2 deletions(-)
 rewrite IRCServer (78%)
[master d2bc042] Make IRCServer
 3 files changed, 22 insertions(+), 2 deletions(-)
[master c9c69eb] Make IRCServer
 3 files changed, 13 insertions(+), 26 deletions(-)
 rewrite IRCServer (71%)
[master fab2f11] Make IRCServer
 4 files changed, 4 insertions(+), 7 deletions(-)
[master 5f9b00c] Make IRCServer
 6 files changed, 10 insertions(+), 2 deletions(-)
 create mode 100644 .IRCServer.cc.swp
[master b61c9bc] Make IRCServer
 6 files changed, 10 insertions(+)
 create mode 100644 .linked_list.c.swp
[master 11d633e] Make IRCServer
 6 files changed, 18 insertions(+)
 delete mode 100644 .IRCServer.cc.swp
 delete mode 100644 .linked_list.c.swp
[master a512423] Make IRCServer
 3 files changed, 5 insertions(+), 1 deletion(-)
[master 6a1d459] Make IRCServer
 5 files changed, 27 insertions(+), 4 deletions(-)
[master ccc95f9] Make IRCServer
 5 files changed, 9 insertions(+), 31 deletions(-)
 create mode 100644 .IRCServer.cc.swp
[master 964cd46] Make IRCServer
 4 files changed, 210 insertions(+), 61 deletions(-)
 rewrite IRCServer (74%)
[master e912670] Make IRCServer
 2 files changed, 3 insertions(+)
 delete mode 100644 .IRCServer.cc.swp
[master 68df215] Make IRCServer
 4 files changed, 6 insertions(+)
 create mode 100644 .IRCServer.cc.swp
[master 3f9ad65] Make IRCServer
 2 files changed, 3 insertions(+)
 delete mode 100644 .IRCServer.cc.swp
[master 75a0cd8] Make IRCServer
 3 files changed, 4 insertions(+)
[master e77624d] Make IRCServer
 4 files changed, 3 insertions(+)
 create mode 100644 .IRCServer.cc.swp
[master acedcd8] Make IRCServer
 4 files changed, 4 insertions(+), 1 deletion(-)
 delete mode 100644 .IRCServer.cc.swp
[master d09cbcf] Make IRCServer
 4 files changed, 5 insertions(+), 2 deletions(-)
 create mode 100644 .IRCServer.cc.swp
[master 250a9be] Make IRCServer
 4 files changed, 5 insertions(+), 1 deletion(-)
 delete mode 100644 .IRCServer.cc.swp
[master 17be134] Make IRCServer
 3 files changed, 8 insertions(+), 5 deletions(-)
[master bffc9e7] Make IRCServer
 18 files changed, 652 insertions(+), 22 deletions(-)
 create mode 100755 IRCServer.org
 create mode 100755 TestIRCServer
 delete mode 100644 diff.out
 delete mode 100644 prog.org.out
 delete mode 100644 prog.out
 create mode 100755 test-server1.sh
 create mode 100755 test-server10.sh
 create mode 100755 test-server2.sh
 create mode 100755 test-server3.sh
 create mode 100755 test-server4.sh
 create mode 100755 test-server5.sh
 create mode 100755 test-server6.sh
 create mode 100755 test-server7.sh
 create mode 100755 test-server8.sh
 create mode 100755 test-server9.sh
 delete mode 100644 total.out
[master 9af4b87] 12 of 62
 9 files changed, 62 insertions(+), 15 deletions(-)
 create mode 100644 diff.out
 delete mode 100644 password.txt
 create mode 100644 prog.org.out
 create mode 100644 prog.out
 create mode 100644 talk-server.out
 create mode 100644 total.out
[master 4c7791a] Make IRCServer
 5 files changed, 21 insertions(+)
 create mode 100644 .test-server2.sh.swp
 create mode 100644 password.txt
[master ce041f9] Make IRCServer
 7 files changed, 10 insertions(+), 38 deletions(-)
 delete mode 100644 diff.out
 delete mode 100644 prog.org.out
 delete mode 100644 prog.out
 delete mode 100644 talk-server.out
 delete mode 100644 total.out
[master 99b5a7b] 17 of 62
 9 files changed, 298 insertions(+), 23 deletions(-)
 create mode 100644 diff.out
 create mode 100644 prog.org.out
 create mode 100644 prog.out
 create mode 100644 talk-server.out
 create mode 100644 total.out
 rewrite total.txt (62%)
[master 3bcb351] Make IRCServer
 3 files changed, 9 insertions(+)
[master c0c263e] Make IRCServer
 5 files changed, 6 insertions(+), 1 deletion(-)
 rename .test-server2.sh.swp => .test-server4.sh.swp (82%)
[master 3ad0f89] Make IRCServer
 5 files changed, 11 insertions(+), 8 deletions(-)
 rename .test-server4.sh.swp => .test-server5.sh.swp (82%)
[master b15106d] Make IRCServer
 3 files changed, 12 insertions(+), 8 deletions(-)
[master c852664] Make IRCServer
 3 files changed, 3 insertions(+), 1 deletion(-)
[master 732e0a9] Make IRCServer
 8 files changed, 8 insertions(+), 275 deletions(-)
 delete mode 100644 .test-server5.sh.swp
 delete mode 100644 diff.out
 delete mode 100644 prog.org.out
 delete mode 100644 prog.out
 delete mode 100644 talk-server.out
 delete mode 100644 total.out
[master d72430b] Make IRCServer
 3 files changed, 21 insertions(+), 22 deletions(-)
 rewrite total.txt (63%)
[master a2530df] 17 of 62
 9 files changed, 288 insertions(+), 8 deletions(-)
 create mode 100644 diff.out
 create mode 100644 prog.org.out
 create mode 100644 prog.out
 create mode 100644 talk-server.out
 create mode 100644 total.out
[master 2441f85] Make IRCServer
 4 files changed, 12 insertions(+), 2 deletions(-)
[master d74fdef] Make IRCServer
 4 files changed, 10 insertions(+), 8 deletions(-)
[master 1a82a0e] Make IRCServer
 3 files changed, 3 insertions(+)
[master ecda1bd] Make IRCServer
 3 files changed, 7 insertions(+), 5 deletions(-)
[master 820f34d] Make IRCServer
 3 files changed, 3 insertions(+)
[master 8154c67] Make IRCServer
 3 files changed, 4 insertions(+), 2 deletions(-)
[master 51f1e0c] Make IRCServer
 3 files changed, 3 insertions(+), 1 deletion(-)
[master f66bc28] Make IRCServer
 3 files changed, 10 insertions(+), 1 deletion(-)
[master a848089] Make IRCServer
 3 files changed, 19 insertions(+), 10 deletions(-)
[master 1469a41] Make IRCServer
 3 files changed, 4 insertions(+), 2 deletions(-)
[master 6761298] Make IRCServer
 4 files changed, 4 insertions(+), 5 deletions(-)
[master 7cf9379] Make IRCServer
 3 files changed, 14 insertions(+), 6 deletions(-)
[master 5f0e0ad] Make IRCServer
 6 files changed, 2 insertions(+), 269 deletions(-)
 delete mode 100644 diff.out
 delete mode 100644 prog.org.out
 delete mode 100644 prog.out
 delete mode 100644 talk-server.out
 delete mode 100644 total.out
[master 8a7c0cc] 62 of 62
 9 files changed, 238 insertions(+), 13 deletions(-)
 create mode 100644 diff.out
 create mode 100644 prog.org.out
 create mode 100644 prog.out
 create mode 100644 talk-server.out
 create mode 100644 total.out
[master 6fda758] Make IRCServer
 7 files changed, 169 insertions(+), 378 deletions(-)
 delete mode 100644 diff.out
 delete mode 100644 prog.org.out
 delete mode 100644 prog.out
 delete mode 100644 talk-server.out
 delete mode 100644 total.out
[master f81abc4] Make IRCServer
 3 files changed, 13 insertions(+), 25 deletions(-)
 delete mode 100644 password.txt
 rewrite total.txt (63%)
[master 95c4a84] 62 of 62
 9 files changed, 241 insertions(+)
 create mode 100644 diff.out
 create mode 100644 password.txt
 create mode 100644 prog.org.out
 create mode 100644 prog.out
 create mode 100644 talk-server.out
 create mode 100644 total.out
[master 94161e0] Make IRCServer
 1 file changed, 8 insertions(+)
[master d6eeac0] Make IRCServer
 8 files changed, 12 insertions(+), 220 deletions(-)
 rewrite IRCServer.org (84%)
 delete mode 100644 diff.out
 delete mode 100644 prog.org.out
 delete mode 100644 prog.out
 delete mode 100644 talk-server.out
 delete mode 100644 total.out
[master 7332407] Make IRCServer
 9 files changed, 37 insertions(+), 22 deletions(-)
 create mode 100644 diff.out
 create mode 100644 prog.org.out
 create mode 100644 prog.out
 create mode 100644 talk-server.out
 rewrite total.txt (63%)
[master 6ff6a0a] Make IRCServer
 3 files changed, 8 insertions(+), 1 deletion(-)
[master 7e15a47] Make IRCServer
 5 files changed, 2 insertions(+), 15 deletions(-)
 delete mode 100644 diff.out
 delete mode 100644 prog.org.out
 delete mode 100644 prog.out
 delete mode 100644 talk-server.out
[master 477a395] 62 of 62
 9 files changed, 238 insertions(+), 12 deletions(-)
 create mode 100644 diff.out
 create mode 100644 prog.org.out
 create mode 100644 prog.out
 create mode 100644 talk-server.out
 create mode 100644 total.out
[master 07080f0] Make IRCServer
 8 files changed, 17 insertions(+), 220 deletions(-)
 create mode 100644 .IRCServer.cc.swp
 delete mode 100644 diff.out
 delete mode 100644 prog.org.out
 delete mode 100644 prog.out
 delete mode 100644 talk-server.out
 delete mode 100644 total.out
[master 31a4e69] Make IRCServer
 11 files changed, 339 insertions(+), 10 deletions(-)
 rewrite IRCServer (63%)
 create mode 100644 diff.out
 create mode 100644 prog.org.out
 create mode 100644 prog.out
 create mode 100644 talk-server.out
[master d40bbca] Make IRCServer
 5 files changed, 12 insertions(+)
 delete mode 100644 .IRCServer.cc.swp
[master 11460a0] Make IRCServer
 4 files changed, 6 insertions(+), 1 deletion(-)
[master 91065ea] Make IRCServer
 5 files changed, 2 insertions(+), 308 deletions(-)
 delete mode 100644 diff.out
 delete mode 100644 prog.org.out
 delete mode 100644 prog.out
 delete mode 100644 talk-server.out
[master 313061c] 62 of 62
 9 files changed, 233 insertions(+), 13 deletions(-)
 create mode 100644 diff.out
 create mode 100644 prog.org.out
 create mode 100644 prog.out
 create mode 100644 talk-server.out
 create mode 100644 total.out
[master c1dfce8] Make IRCServer
 6 files changed, 7 insertions(+), 216 deletions(-)
 delete mode 100644 diff.out
 delete mode 100644 prog.org.out
 delete mode 100644 prog.out
 delete mode 100644 talk-server.out
 delete mode 100644 total.out
[master 7183d14] 62 of 62
 8 files changed, 241 insertions(+), 16 deletions(-)
 create mode 100644 diff.out
 create mode 100644 prog.org.out
 create mode 100644 prog.out
 create mode 100644 talk-server.out
 create mode 100644 total.out
 rewrite total.txt (63%)
