2,1516c2,58
< 0: word=every, pos=0
< 1: word=one, pos=6
< 2: word=of, pos=10
< 3: word=us, pos=13
< 4: word=is, pos=16
< 5: word=in, pos=20
< 6: word=the, pos=23
< 7: word=cosmic, pos=27
< 8: word=perspective, pos=34
< 9: word=precious, pos=47
< 10: word=if, pos=57
< 11: word=a, pos=60
< 12: word=human, pos=62
< 13: word=disagrees, pos=68
< 14: word=with, pos=78
< 15: word=you, pos=83
< 16: word=let, pos=88
< 17: word=him, pos=92
< 18: word=live, pos=96
< 19: word=in, pos=102
< 20: word=a, pos=105
< 21: word=hundred, pos=107
< 22: word=billion, pos=115
< 23: word=galaxies, pos=123
< 24: word=you, pos=133
< 25: word=will, pos=137
< 26: word=not, pos=142
< 27: word=find, pos=146
< 28: word=another, pos=151
< 29: word=carl, pos=163
< 30: word=sagan, pos=168
< 31: word=cosmos, pos=175
< 32: word=tags, pos=182
< 33: word=humanity, pos=188
< 34: word=individuality, pos=198
< 35: word=love, pos=213
< 36: word=mercy, pos=219
< 37: word=likes, pos=230
< 38: word=like, pos=236
< 39: word=the, pos=241
< 40: word=nitrogen, pos=245
< 41: word=in, pos=254
< 42: word=our, pos=257
< 43: word=dna, pos=261
< 44: word=the, pos=266
< 45: word=calcium, pos=270
< 46: word=in, pos=278
< 47: word=our, pos=281
< 48: word=teeth, pos=285
< 49: word=the, pos=292
< 50: word=iron, pos=296
< 51: word=in, pos=301
< 52: word=our, pos=304
< 53: word=blood, pos=308
< 54: word=the, pos=315
< 55: word=carbon, pos=319
< 56: word=in, pos=326
< 57: word=our, pos=329
< 58: word=apple, pos=333
< 59: word=pies, pos=339
< 60: word=were, pos=344
< 61: word=made, pos=349
< 62: word=in, pos=354
< 63: word=the, pos=357
< 64: word=interiors, pos=361
< 65: word=of, pos=371
< 66: word=collapsing, pos=374
< 67: word=stars, pos=385
< 68: word=we, pos=392
< 69: word=are, pos=395
< 70: word=made, pos=399
< 71: word=of, pos=404
< 72: word=starstuff, pos=407
< 73: word=carl, pos=421
< 74: word=sagan, pos=426
< 75: word=cosmos, pos=433
< 76: word=tags, pos=440
< 77: word=atoms, pos=446
< 78: word=cosmos, pos=453
< 79: word=dna, pos=461
< 80: word=sense, pos=466
< 81: word=of, pos=472
< 82: word=wonder, pos=475
< 83: word=stars, pos=483
< 84: word=likes, pos=494
< 85: word=like, pos=500
< 86: word=if, pos=505
< 87: word=you, pos=508
< 88: word=wish, pos=512
< 89: word=to, pos=517
< 90: word=make, pos=520
< 91: word=an, pos=525
< 92: word=apple, pos=528
< 93: word=pie, pos=534
< 94: word=from, pos=538
< 95: word=scratch, pos=543
< 96: word=you, pos=552
< 97: word=must, pos=556
< 98: word=first, pos=561
< 99: word=invent, pos=567
< 100: word=the, pos=574
< 101: word=universe, pos=578
< 102: word=carl, pos=591
< 103: word=sagan, pos=596
< 104: word=cosmos, pos=603
< 105: word=tags, pos=610
< 106: word=science, pos=616
< 107: word=likes, pos=629
< 108: word=like, pos=635
< 109: word=what, pos=640
< 110: word=an, pos=645
< 111: word=astonishing, pos=648
< 112: word=thing, pos=660
< 113: word=a, pos=666
< 114: word=book, pos=668
< 115: word=is, pos=673
< 116: word=it, pos=677
< 117: word=s, pos=680
< 118: word=a, pos=682
< 119: word=flat, pos=684
< 120: word=object, pos=689
< 121: word=made, pos=696
< 122: word=from, pos=701
< 123: word=a, pos=706
< 124: word=tree, pos=708
< 125: word=with, pos=713
< 126: word=flexible, pos=718
< 127: word=parts, pos=727
< 128: word=on, pos=733
< 129: word=which, pos=736
< 130: word=are, pos=742
< 131: word=imprinted, pos=746
< 132: word=lots, pos=756
< 133: word=of, pos=761
< 134: word=funny, pos=764
< 135: word=dark, pos=770
< 136: word=squiggles, pos=775
< 137: word=but, pos=786
< 138: word=one, pos=790
< 139: word=glance, pos=794
< 140: word=at, pos=801
< 141: word=it, pos=804
< 142: word=and, pos=807
< 143: word=you, pos=811
< 144: word=re, pos=815
< 145: word=inside, pos=818
< 146: word=the, pos=825
< 147: word=mind, pos=829
< 148: word=of, pos=834
< 149: word=another, pos=837
< 150: word=person, pos=845
< 151: word=maybe, pos=853
< 152: word=somebody, pos=859
< 153: word=dead, pos=868
< 154: word=for, pos=873
< 155: word=thousands, pos=877
< 156: word=of, pos=887
< 157: word=years, pos=890
< 158: word=across, pos=897
< 159: word=the, pos=904
< 160: word=millennia, pos=908
< 161: word=an, pos=919
< 162: word=author, pos=922
< 163: word=is, pos=929
< 164: word=speaking, pos=932
< 165: word=clearly, pos=941
< 166: word=and, pos=949
< 167: word=silently, pos=953
< 168: word=inside, pos=962
< 169: word=your, pos=969
< 170: word=head, pos=974
< 171: word=directly, pos=980
< 172: word=to, pos=989
< 173: word=you, pos=992
< 174: word=writing, pos=997
< 175: word=is, pos=1005
< 176: word=perhaps, pos=1008
< 177: word=the, pos=1016
< 178: word=greatest, pos=1020
< 179: word=of, pos=1029
< 180: word=human, pos=1032
< 181: word=inventions, pos=1038
< 182: word=binding, pos=1050
< 183: word=together, pos=1058
< 184: word=people, pos=1067
< 185: word=who, pos=1074
< 186: word=never, pos=1078
< 187: word=knew, pos=1084
< 188: word=each, pos=1089
< 189: word=other, pos=1094
< 190: word=citizens, pos=1101
< 191: word=of, pos=1110
< 192: word=distant, pos=1113
< 193: word=epochs, pos=1121
< 194: word=books, pos=1129
< 195: word=break, pos=1135
< 196: word=the, pos=1141
< 197: word=shackles, pos=1145
< 198: word=of, pos=1154
< 199: word=time, pos=1157
< 200: word=a, pos=1163
< 201: word=book, pos=1165
< 202: word=is, pos=1170
< 203: word=proof, pos=1173
< 204: word=that, pos=1179
< 205: word=humans, pos=1184
< 206: word=are, pos=1191
< 207: word=capable, pos=1195
< 208: word=of, pos=1203
< 209: word=working, pos=1206
< 210: word=magic, pos=1214
< 211: word=cosmos, pos=1224
< 212: word=part, pos=1232
< 213: word=the, pos=1241
< 214: word=persistence, pos=1245
< 215: word=of, pos=1257
< 216: word=memory, pos=1260
< 217: word=carl, pos=1278
< 218: word=sagan, pos=1283
< 219: word=cosmos, pos=1290
< 220: word=tags, pos=1297
< 221: word=books, pos=1303
< 222: word=literature, pos=1310
< 223: word=reading, pos=1322
< 224: word=words, pos=1331
< 225: word=writing, pos=1338
< 226: word=likes, pos=1350
< 227: word=like, pos=1356
< 228: word=we, pos=1361
< 229: word=are, pos=1364
< 230: word=a, pos=1368
< 231: word=way, pos=1370
< 232: word=for, pos=1374
< 233: word=the, pos=1378
< 234: word=cosmos, pos=1382
< 235: word=to, pos=1389
< 236: word=know, pos=1392
< 237: word=itself, pos=1397
< 238: word=carl, pos=1408
< 239: word=sagan, pos=1413
< 240: word=cosmos, pos=1420
< 241: word=tags, pos=1427
< 242: word=cosmos, pos=1433
< 243: word=science, pos=1441
< 244: word=thought, pos=1450
< 245: word=provoking, pos=1458
< 246: word=likes, pos=1472
< 247: word=like, pos=1478
< 248: word=books, pos=1483
< 249: word=permit, pos=1489
< 250: word=us, pos=1496
< 251: word=to, pos=1499
< 252: word=voyage, pos=1502
< 253: word=through, pos=1509
< 254: word=time, pos=1517
< 255: word=to, pos=1523
< 256: word=tap, pos=1526
< 257: word=the, pos=1530
< 258: word=wisdom, pos=1534
< 259: word=of, pos=1541
< 260: word=our, pos=1544
< 261: word=ancestors, pos=1548
< 262: word=the, pos=1559
< 263: word=library, pos=1563
< 264: word=connects, pos=1571
< 265: word=us, pos=1580
< 266: word=with, pos=1583
< 267: word=the, pos=1588
< 268: word=insight, pos=1592
< 269: word=and, pos=1600
< 270: word=knowledge, pos=1604
< 271: word=painfully, pos=1615
< 272: word=extracted, pos=1625
< 273: word=from, pos=1635
< 274: word=nature, pos=1640
< 275: word=of, pos=1648
< 276: word=the, pos=1651
< 277: word=greatest, pos=1655
< 278: word=minds, pos=1664
< 279: word=that, pos=1670
< 280: word=ever, pos=1675
< 281: word=were, pos=1680
< 282: word=with, pos=1686
< 283: word=the, pos=1691
< 284: word=best, pos=1695
< 285: word=teachers, pos=1700
< 286: word=drawn, pos=1710
< 287: word=from, pos=1716
< 288: word=the, pos=1721
< 289: word=entire, pos=1725
< 290: word=planet, pos=1732
< 291: word=and, pos=1739
< 292: word=from, pos=1743
< 293: word=all, pos=1748
< 294: word=our, pos=1752
< 295: word=history, pos=1756
< 296: word=to, pos=1765
< 297: word=instruct, pos=1768
< 298: word=us, pos=1777
< 299: word=without, pos=1780
< 300: word=tiring, pos=1788
< 301: word=and, pos=1796
< 302: word=to, pos=1800
< 303: word=inspire, pos=1803
< 304: word=us, pos=1811
< 305: word=to, pos=1814
< 306: word=make, pos=1817
< 307: word=our, pos=1822
< 308: word=own, pos=1826
< 309: word=contribution, pos=1830
< 310: word=to, pos=1843
< 311: word=the, pos=1846
< 312: word=collective, pos=1850
< 313: word=knowledge, pos=1861
< 314: word=of, pos=1871
< 315: word=the, pos=1874
< 316: word=human, pos=1878
< 317: word=species, pos=1884
< 318: word=i, pos=1893
< 319: word=think, pos=1895
< 320: word=the, pos=1901
< 321: word=health, pos=1905
< 322: word=of, pos=1912
< 323: word=our, pos=1915
< 324: word=civilization, pos=1919
< 325: word=the, pos=1933
< 326: word=depth, pos=1937
< 327: word=of, pos=1943
< 328: word=our, pos=1946
< 329: word=awareness, pos=1950
< 330: word=about, pos=1960
< 331: word=the, pos=1966
< 332: word=underpinnings, pos=1970
< 333: word=of, pos=1984
< 334: word=our, pos=1987
< 335: word=culture, pos=1991
< 336: word=and, pos=1999
< 337: word=our, pos=2003
< 338: word=concern, pos=2007
< 339: word=for, pos=2015
< 340: word=the, pos=2019
< 341: word=future, pos=2023
< 342: word=can, pos=2030
< 343: word=all, pos=2034
< 344: word=be, pos=2038
< 345: word=tested, pos=2041
< 346: word=by, pos=2048
< 347: word=how, pos=2051
< 348: word=well, pos=2055
< 349: word=we, pos=2060
< 350: word=support, pos=2063
< 351: word=our, pos=2071
< 352: word=libraries, pos=2075
< 353: word=carl, pos=2089
< 354: word=sagan, pos=2094
< 355: word=cosmos, pos=2101
< 356: word=tags, pos=2108
< 357: word=books, pos=2114
< 358: word=civilization, pos=2121
< 359: word=education, pos=2135
< 360: word=history, pos=2146
< 361: word=knowledge, pos=2155
< 362: word=libraries, pos=2166
< 363: word=wisdom, pos=2177
< 364: word=likes, pos=2188
< 365: word=like, pos=2194
< 366: word=the, pos=2199
< 367: word=beauty, pos=2203
< 368: word=of, pos=2210
< 369: word=a, pos=2213
< 370: word=living, pos=2215
< 371: word=thing, pos=2222
< 372: word=is, pos=2228
< 373: word=not, pos=2231
< 374: word=the, pos=2235
< 375: word=atoms, pos=2239
< 376: word=that, pos=2245
< 377: word=go, pos=2250
< 378: word=into, pos=2253
< 379: word=it, pos=2258
< 380: word=but, pos=2262
< 381: word=the, pos=2266
< 382: word=way, pos=2270
< 383: word=those, pos=2274
< 384: word=atoms, pos=2280
< 385: word=are, pos=2286
< 386: word=put, pos=2290
< 387: word=together, pos=2294
< 388: word=carl, pos=2307
< 389: word=sagan, pos=2312
< 390: word=cosmos, pos=2319
< 391: word=tags, pos=2326
< 392: word=atoms, pos=2332
< 393: word=beauty, pos=2339
< 394: word=cosmos, pos=2347
< 395: word=philosophy, pos=2355
< 396: word=science, pos=2367
< 397: word=universe, pos=2376
< 398: word=likes, pos=2389
< 399: word=like, pos=2395
< 400: word=the, pos=2400
< 401: word=absence, pos=2404
< 402: word=of, pos=2412
< 403: word=evidence, pos=2415
< 404: word=is, pos=2424
< 405: word=not, pos=2427
< 406: word=the, pos=2431
< 407: word=evidence, pos=2435
< 408: word=of, pos=2444
< 409: word=absence, pos=2447
< 410: word=carl, pos=2459
< 411: word=sagan, pos=2464
< 412: word=cosmos, pos=2471
< 413: word=likes, pos=2482
< 414: word=like, pos=2488
< 415: word=the, pos=2493
< 416: word=cosmos, pos=2497
< 417: word=is, pos=2504
< 418: word=all, pos=2507
< 419: word=that, pos=2511
< 420: word=is, pos=2516
< 421: word=or, pos=2519
< 422: word=was, pos=2522
< 423: word=or, pos=2526
< 424: word=ever, pos=2529
< 425: word=will, pos=2534
< 426: word=be, pos=2539
< 427: word=our, pos=2543
< 428: word=feeblest, pos=2547
< 429: word=contemplations, pos=2556
< 430: word=of, pos=2571
< 431: word=the, pos=2574
< 432: word=cosmos, pos=2578
< 433: word=stir, pos=2585
< 434: word=us, pos=2590
< 435: word=there, pos=2596
< 436: word=is, pos=2602
< 437: word=a, pos=2605
< 438: word=tingling, pos=2607
< 439: word=in, pos=2616
< 440: word=the, pos=2619
< 441: word=spine, pos=2623
< 442: word=a, pos=2630
< 443: word=catch, pos=2632
< 444: word=in, pos=2638
< 445: word=the, pos=2641
< 446: word=voice, pos=2645
< 447: word=a, pos=2652
< 448: word=faint, pos=2654
< 449: word=sensation, pos=2660
< 450: word=as, pos=2671
< 451: word=if, pos=2674
< 452: word=a, pos=2677
< 453: word=distant, pos=2679
< 454: word=memory, pos=2687
< 455: word=of, pos=2695
< 456: word=falling, pos=2698
< 457: word=from, pos=2706
< 458: word=a, pos=2711
< 459: word=height, pos=2713
< 460: word=we, pos=2721
< 461: word=know, pos=2724
< 462: word=we, pos=2729
< 463: word=are, pos=2732
< 464: word=approaching, pos=2736
< 465: word=the, pos=2748
< 466: word=greatest, pos=2752
< 467: word=of, pos=2761
< 468: word=mysteries, pos=2764
< 469: word=carl, pos=2778
< 470: word=sagan, pos=2783
< 471: word=cosmos, pos=2790
< 472: word=tags, pos=2797
< 473: word=carl, pos=2803
< 474: word=sagan, pos=2808
< 475: word=cosmos, pos=2815
< 476: word=life, pos=2823
< 477: word=mystery, pos=2829
< 478: word=universe, pos=2838
< 479: word=likes, pos=2851
< 480: word=like, pos=2857
< 481: word=the, pos=2862
< 482: word=size, pos=2866
< 483: word=and, pos=2871
< 484: word=age, pos=2875
< 485: word=of, pos=2879
< 486: word=the, pos=2882
< 487: word=cosmos, pos=2886
< 488: word=are, pos=2893
< 489: word=beyond, pos=2897
< 490: word=ordinary, pos=2904
< 491: word=human, pos=2913
< 492: word=understanding, pos=2919
< 493: word=lost, pos=2934
< 494: word=somewhere, pos=2939
< 495: word=between, pos=2949
< 496: word=immensity, pos=2957
< 497: word=and, pos=2967
< 498: word=eternity, pos=2971
< 499: word=is, pos=2980
< 500: word=our, pos=2983
< 501: word=tiny, pos=2987
< 502: word=planetary, pos=2992
< 503: word=home, pos=3002
< 504: word=in, pos=3008
< 505: word=a, pos=3011
< 506: word=cosmic, pos=3013
< 507: word=perspective, pos=3020
< 508: word=most, pos=3033
< 509: word=human, pos=3038
< 510: word=concerns, pos=3044
< 511: word=seem, pos=3053
< 512: word=insignificant, pos=3058
< 513: word=even, pos=3073
< 514: word=petty, pos=3078
< 515: word=and, pos=3085
< 516: word=yet, pos=3089
< 517: word=our, pos=3093
< 518: word=species, pos=3097
< 519: word=is, pos=3105
< 520: word=young, pos=3108
< 521: word=and, pos=3114
< 522: word=curious, pos=3118
< 523: word=and, pos=3126
< 524: word=brave, pos=3130
< 525: word=and, pos=3136
< 526: word=shows, pos=3140
< 527: word=much, pos=3146
< 528: word=promise, pos=3151
< 529: word=in, pos=3160
< 530: word=the, pos=3163
< 531: word=last, pos=3167
< 532: word=few, pos=3172
< 533: word=millennia, pos=3176
< 534: word=we, pos=3186
< 535: word=have, pos=3189
< 536: word=made, pos=3194
< 537: word=the, pos=3199
< 538: word=most, pos=3203
< 539: word=astonishing, pos=3208
< 540: word=and, pos=3220
< 541: word=unexpected, pos=3224
< 542: word=discoveries, pos=3235
< 543: word=about, pos=3247
< 544: word=the, pos=3253
< 545: word=cosmos, pos=3257
< 546: word=and, pos=3264
< 547: word=our, pos=3268
< 548: word=place, pos=3272
< 549: word=within, pos=3278
< 550: word=it, pos=3285
< 551: word=explorations, pos=3289
< 552: word=that, pos=3302
< 553: word=are, pos=3307
< 554: word=exhilarating, pos=3311
< 555: word=to, pos=3324
< 556: word=consider, pos=3327
< 557: word=they, pos=3337
< 558: word=remind, pos=3342
< 559: word=us, pos=3349
< 560: word=that, pos=3352
< 561: word=humans, pos=3357
< 562: word=have, pos=3364
< 563: word=evolved, pos=3369
< 564: word=to, pos=3377
< 565: word=wonder, pos=3380
< 566: word=that, pos=3388
< 567: word=understanding, pos=3393
< 568: word=is, pos=3407
< 569: word=a, pos=3410
< 570: word=joy, pos=3412
< 571: word=that, pos=3417
< 572: word=knowledge, pos=3422
< 573: word=is, pos=3432
< 574: word=prerequisite, pos=3435
< 575: word=to, pos=3448
< 576: word=survival, pos=3451
< 577: word=i, pos=3461
< 578: word=believe, pos=3463
< 579: word=our, pos=3471
< 580: word=future, pos=3475
< 581: word=depends, pos=3482
< 582: word=on, pos=3490
< 583: word=how, pos=3493
< 584: word=well, pos=3497
< 585: word=we, pos=3502
< 586: word=know, pos=3505
< 587: word=this, pos=3510
< 588: word=cosmos, pos=3515
< 589: word=in, pos=3522
< 590: word=which, pos=3525
< 591: word=we, pos=3531
< 592: word=float, pos=3534
< 593: word=like, pos=3540
< 594: word=a, pos=3545
< 595: word=mote, pos=3547
< 596: word=of, pos=3552
< 597: word=dust, pos=3555
< 598: word=in, pos=3560
< 599: word=the, pos=3563
< 600: word=morning, pos=3567
< 601: word=sky, pos=3575
< 602: word=carl, pos=3583
< 603: word=sagan, pos=3588
< 604: word=cosmos, pos=3595
< 605: word=tags, pos=3602
< 606: word=humanity, pos=3608
< 607: word=knowledge, pos=3618
< 608: word=sagan, pos=3629
< 609: word=science, pos=3636
< 610: word=likes, pos=3648
< 611: word=like, pos=3654
< 612: word=exploration, pos=3659
< 613: word=is, pos=3671
< 614: word=in, pos=3674
< 615: word=our, pos=3677
< 616: word=nature, pos=3681
< 617: word=we, pos=3689
< 618: word=began, pos=3692
< 619: word=as, pos=3698
< 620: word=wanderers, pos=3701
< 621: word=and, pos=3712
< 622: word=we, pos=3716
< 623: word=are, pos=3719
< 624: word=wanderers, pos=3723
< 625: word=still, pos=3733
< 626: word=we, pos=3740
< 627: word=have, pos=3743
< 628: word=lingered, pos=3748
< 629: word=long, pos=3757
< 630: word=enough, pos=3762
< 631: word=on, pos=3769
< 632: word=the, pos=3772
< 633: word=shores, pos=3776
< 634: word=of, pos=3783
< 635: word=the, pos=3786
< 636: word=cosmic, pos=3790
< 637: word=ocean, pos=3797
< 638: word=we, pos=3804
< 639: word=are, pos=3807
< 640: word=ready, pos=3811
< 641: word=at, pos=3817
< 642: word=last, pos=3820
< 643: word=to, pos=3825
< 644: word=set, pos=3828
< 645: word=sail, pos=3832
< 646: word=for, pos=3837
< 647: word=the, pos=3841
< 648: word=stars, pos=3845
< 649: word=carl, pos=3855
< 650: word=sagan, pos=3860
< 651: word=cosmos, pos=3867
< 652: word=likes, pos=3878
< 653: word=like, pos=3884
< 654: word=one, pos=3889
< 655: word=glance, pos=3893
< 656: word=at, pos=3900
< 657: word=a, pos=3904
< 658: word=book, pos=3906
< 659: word=and, pos=3912
< 660: word=you, pos=3916
< 661: word=hear, pos=3920
< 662: word=the, pos=3925
< 663: word=voice, pos=3929
< 664: word=of, pos=3935
< 665: word=another, pos=3938
< 666: word=person, pos=3946
< 667: word=perhaps, pos=3955
< 668: word=someone, pos=3963
< 669: word=dead, pos=3971
< 670: word=for, pos=3976
< 671: word=thousands, pos=3980
< 672: word=of, pos=3990
< 673: word=years, pos=3993
< 674: word=across, pos=4000
< 675: word=the, pos=4007
< 676: word=millenia, pos=4011
< 677: word=the, pos=4021
< 678: word=author, pos=4025
< 679: word=is, pos=4032
< 680: word=speaking, pos=4035
< 681: word=clearly, pos=4045
< 682: word=and, pos=4053
< 683: word=silently, pos=4057
< 684: word=inside, pos=4067
< 685: word=your, pos=4074
< 686: word=head, pos=4079
< 687: word=directly, pos=4085
< 688: word=to, pos=4094
< 689: word=you, pos=4097
< 690: word=writing, pos=4102
< 691: word=is, pos=4110
< 692: word=perhaps, pos=4113
< 693: word=the, pos=4121
< 694: word=greatest, pos=4125
< 695: word=of, pos=4134
< 696: word=human, pos=4137
< 697: word=inventions, pos=4143
< 698: word=binding, pos=4155
< 699: word=together, pos=4163
< 700: word=people, pos=4172
< 701: word=citizens, pos=4180
< 702: word=of, pos=4189
< 703: word=distant, pos=4192
< 704: word=epochs, pos=4200
< 705: word=who, pos=4208
< 706: word=never, pos=4212
< 707: word=knew, pos=4218
< 708: word=one, pos=4223
< 709: word=another, pos=4227
< 710: word=books, pos=4236
< 711: word=break, pos=4242
< 712: word=the, pos=4248
< 713: word=shackles, pos=4252
< 714: word=of, pos=4261
< 715: word=time, pos=4264
< 716: word=carl, pos=4273
< 717: word=sagan, pos=4278
< 718: word=cosmos, pos=4285
< 719: word=tags, pos=4292
< 720: word=books, pos=4298
< 721: word=likes, pos=4308
< 722: word=like, pos=4314
< 723: word=books, pos=4319
< 724: word=break, pos=4325
< 725: word=the, pos=4331
< 726: word=shackles, pos=4335
< 727: word=of, pos=4344
< 728: word=time, pos=4347
< 729: word=proof, pos=4353
< 730: word=that, pos=4359
< 731: word=humans, pos=4364
< 732: word=can, pos=4371
< 733: word=work, pos=4375
< 734: word=magic, pos=4380
< 735: word=carl, pos=4390
< 736: word=sagan, pos=4395
< 737: word=cosmos, pos=4402
< 738: word=likes, pos=4412
< 739: word=like, pos=4418
< 740: word=observation, pos=4423
< 741: word=i, pos=4436
< 742: word=can, pos=4438
< 743: word=t, pos=4442
< 744: word=see, pos=4444
< 745: word=a, pos=4448
< 746: word=thing, pos=4450
< 747: word=conclusion, pos=4457
< 748: word=dinosaurs, pos=4469
< 749: word=carl, pos=4483
< 750: word=sagan, pos=4488
< 751: word=cosmos, pos=4495
< 752: word=tags, pos=4502
< 753: word=humor, pos=4508
< 754: word=sagan, pos=4515
< 755: word=skepticism, pos=4522
< 756: word=likes, pos=4536
< 757: word=like, pos=4542
< 758: word=the, pos=4547
< 759: word=surface, pos=4551
< 760: word=of, pos=4559
< 761: word=the, pos=4562
< 762: word=earth, pos=4566
< 763: word=is, pos=4572
< 764: word=the, pos=4575
< 765: word=shore, pos=4579
< 766: word=of, pos=4585
< 767: word=the, pos=4588
< 768: word=cosmic, pos=4592
< 769: word=ocean, pos=4599
< 770: word=on, pos=4606
< 771: word=this, pos=4609
< 772: word=shore, pos=4614
< 773: word=we, pos=4621
< 774: word=ve, pos=4624
< 775: word=learned, pos=4627
< 776: word=most, pos=4635
< 777: word=of, pos=4640
< 778: word=what, pos=4643
< 779: word=we, pos=4648
< 780: word=know, pos=4651
< 781: word=recently, pos=4657
< 782: word=we, pos=4667
< 783: word=ve, pos=4670
< 784: word=waded, pos=4673
< 785: word=a, pos=4679
< 786: word=little, pos=4681
< 787: word=way, pos=4688
< 788: word=out, pos=4692
< 789: word=maybe, pos=4697
< 790: word=ankle, pos=4703
< 791: word=deep, pos=4709
< 792: word=and, pos=4715
< 793: word=the, pos=4719
< 794: word=water, pos=4723
< 795: word=seems, pos=4729
< 796: word=inviting, pos=4735
< 797: word=some, pos=4745
< 798: word=part, pos=4750
< 799: word=of, pos=4755
< 800: word=our, pos=4758
< 801: word=being, pos=4762
< 802: word=knows, pos=4768
< 803: word=this, pos=4774
< 804: word=is, pos=4779
< 805: word=where, pos=4782
< 806: word=we, pos=4788
< 807: word=came, pos=4791
< 808: word=from, pos=4796
< 809: word=we, pos=4802
< 810: word=long, pos=4805
< 811: word=to, pos=4810
< 812: word=return, pos=4813
< 813: word=and, pos=4821
< 814: word=we, pos=4825
< 815: word=can, pos=4828
< 816: word=because, pos=4833
< 817: word=the, pos=4841
< 818: word=cosmos, pos=4845
< 819: word=is, pos=4852
< 820: word=also, pos=4855
< 821: word=within, pos=4860
< 822: word=us, pos=4867
< 823: word=we, pos=4871
< 824: word=re, pos=4874
< 825: word=made, pos=4877
< 826: word=of, pos=4882
< 827: word=star, pos=4885
< 828: word=stuff, pos=4890
< 829: word=we, pos=4897
< 830: word=are, pos=4900
< 831: word=a, pos=4904
< 832: word=way, pos=4906
< 833: word=for, pos=4910
< 834: word=the, pos=4914
< 835: word=cosmos, pos=4918
< 836: word=to, pos=4925
< 837: word=know, pos=4928
< 838: word=itself, pos=4933
< 839: word=carl, pos=4944
< 840: word=sagan, pos=4949
< 841: word=cosmos, pos=4956
< 842: word=likes, pos=4966
< 843: word=like, pos=4972
< 844: word=atoms, pos=4977
< 845: word=are, pos=4983
< 846: word=mainly, pos=4987
< 847: word=empty, pos=4994
< 848: word=space, pos=5000
< 849: word=matter, pos=5007
< 850: word=is, pos=5014
< 851: word=composed, pos=5017
< 852: word=chiefly, pos=5026
< 853: word=of, pos=5034
< 854: word=nothing, pos=5037
< 855: word=carl, pos=5049
< 856: word=sagan, pos=5054
< 857: word=cosmos, pos=5061
< 858: word=likes, pos=5071
< 859: word=like, pos=5077
< 860: word=the, pos=5082
< 861: word=hindu, pos=5086
< 862: word=religion, pos=5092
< 863: word=is, pos=5101
< 864: word=the, pos=5104
< 865: word=only, pos=5108
< 866: word=one, pos=5113
< 867: word=of, pos=5117
< 868: word=the, pos=5120
< 869: word=worlds, pos=5124
< 870: word=great, pos=5131
< 871: word=faiths, pos=5137
< 872: word=dedicated, pos=5144
< 873: word=to, pos=5154
< 874: word=the, pos=5157
< 875: word=idea, pos=5161
< 876: word=that, pos=5166
< 877: word=the, pos=5171
< 878: word=cosmos, pos=5175
< 879: word=itself, pos=5182
< 880: word=undergoes, pos=5189
< 881: word=an, pos=5199
< 882: word=immense, pos=5202
< 883: word=indeed, pos=5211
< 884: word=an, pos=5218
< 885: word=infinite, pos=5221
< 886: word=number, pos=5231
< 887: word=of, pos=5238
< 888: word=deaths, pos=5241
< 889: word=and, pos=5248
< 890: word=rebirths, pos=5252
< 891: word=it, pos=5262
< 892: word=is, pos=5265
< 893: word=the, pos=5268
< 894: word=only, pos=5272
< 895: word=religion, pos=5277
< 896: word=in, pos=5286
< 897: word=which, pos=5289
< 898: word=the, pos=5295
< 899: word=time, pos=5299
< 900: word=scales, pos=5304
< 901: word=correspond, pos=5311
< 902: word=to, pos=5322
< 903: word=those, pos=5325
< 904: word=of, pos=5331
< 905: word=modern, pos=5334
< 906: word=scientific, pos=5341
< 907: word=cosmology, pos=5352
< 908: word=its, pos=5363
< 909: word=cycles, pos=5367
< 910: word=run, pos=5374
< 911: word=from, pos=5378
< 912: word=our, pos=5383
< 913: word=ordinary, pos=5387
< 914: word=day, pos=5396
< 915: word=and, pos=5400
< 916: word=night, pos=5404
< 917: word=to, pos=5410
< 918: word=a, pos=5413
< 919: word=day, pos=5415
< 920: word=and, pos=5419
< 921: word=night, pos=5423
< 922: word=of, pos=5429
< 923: word=brahma, pos=5432
< 924: word=billion, pos=5445
< 925: word=years, pos=5453
< 926: word=long, pos=5459
< 927: word=longer, pos=5465
< 928: word=than, pos=5472
< 929: word=the, pos=5477
< 930: word=age, pos=5481
< 931: word=of, pos=5485
< 932: word=the, pos=5488
< 933: word=earth, pos=5492
< 934: word=or, pos=5498
< 935: word=the, pos=5501
< 936: word=sun, pos=5505
< 937: word=and, pos=5509
< 938: word=about, pos=5513
< 939: word=half, pos=5519
< 940: word=the, pos=5524
< 941: word=time, pos=5528
< 942: word=since, pos=5533
< 943: word=the, pos=5539
< 944: word=big, pos=5543
< 945: word=bang, pos=5547
< 946: word=carl, pos=5556
< 947: word=sagan, pos=5561
< 948: word=cosmos, pos=5568
< 949: word=tags, pos=5575
< 950: word=big, pos=5581
< 951: word=bang, pos=5585
< 952: word=theory, pos=5590
< 953: word=cosmology, pos=5598
< 954: word=cosmos, pos=5609
< 955: word=hindu, pos=5617
< 956: word=vedantism, pos=5624
< 957: word=vedas, pos=5635
< 958: word=likes, pos=5644
< 959: word=like, pos=5650
< 960: word=if, pos=5655
< 961: word=i, pos=5658
< 962: word=finish, pos=5660
< 963: word=a, pos=5667
< 964: word=book, pos=5669
< 965: word=a, pos=5674
< 966: word=week, pos=5676
< 967: word=i, pos=5682
< 968: word=will, pos=5684
< 969: word=read, pos=5689
< 970: word=only, pos=5694
< 971: word=a, pos=5699
< 972: word=few, pos=5701
< 973: word=thousand, pos=5705
< 974: word=books, pos=5714
< 975: word=in, pos=5720
< 976: word=my, pos=5723
< 977: word=lifetime, pos=5726
< 978: word=about, pos=5736
< 979: word=a, pos=5742
< 980: word=tenth, pos=5744
< 981: word=of, pos=5750
< 982: word=a, pos=5753
< 983: word=percent, pos=5755
< 984: word=of, pos=5763
< 985: word=the, pos=5766
< 986: word=contents, pos=5770
< 987: word=of, pos=5779
< 988: word=the, pos=5782
< 989: word=greatest, pos=5786
< 990: word=libraries, pos=5795
< 991: word=of, pos=5805
< 992: word=our, pos=5808
< 993: word=time, pos=5812
< 994: word=the, pos=5818
< 995: word=trick, pos=5822
< 996: word=is, pos=5828
< 997: word=to, pos=5831
< 998: word=know, pos=5834
< 999: word=which, pos=5839
< 1000: word=books, pos=5845
< 1001: word=to, pos=5851
< 1002: word=read, pos=5854
< 1003: word=carl, pos=5863
< 1004: word=sagan, pos=5868
< 1005: word=cosmos, pos=5875
< 1006: word=likes, pos=5885
< 1007: word=like, pos=5891
< 1008: word=you, pos=5896
< 1009: word=are, pos=5900
< 1010: word=worth, pos=5904
< 1011: word=about, pos=5910
< 1012: word=dollars, pos=5918
< 1013: word=worth, pos=5926
< 1014: word=in, pos=5932
< 1015: word=chemicals, pos=5935
< 1016: word=carl, pos=5949
< 1017: word=sagan, pos=5954
< 1018: word=cosmos, pos=5961
< 1019: word=likes, pos=5971
< 1020: word=like, pos=5977
< 1021: word=we, pos=5982
< 1022: word=inhabit, pos=5985
< 1023: word=a, pos=5993
< 1024: word=universe, pos=5995
< 1025: word=where, pos=6004
< 1026: word=atoms, pos=6010
< 1027: word=are, pos=6016
< 1028: word=made, pos=6020
< 1029: word=in, pos=6025
< 1030: word=the, pos=6028
< 1031: word=centers, pos=6032
< 1032: word=of, pos=6040
< 1033: word=stars, pos=6043
< 1034: word=where, pos=6050
< 1035: word=each, pos=6056
< 1036: word=second, pos=6061
< 1037: word=a, pos=6068
< 1038: word=thousand, pos=6070
< 1039: word=suns, pos=6079
< 1040: word=are, pos=6084
< 1041: word=born, pos=6088
< 1042: word=where, pos=6094
< 1043: word=life, pos=6100
< 1044: word=is, pos=6105
< 1045: word=sparked, pos=6108
< 1046: word=by, pos=6116
< 1047: word=sunlight, pos=6119
< 1048: word=and, pos=6128
< 1049: word=lightning, pos=6132
< 1050: word=in, pos=6142
< 1051: word=the, pos=6145
< 1052: word=airs, pos=6149
< 1053: word=and, pos=6154
< 1054: word=waters, pos=6158
< 1055: word=of, pos=6165
< 1056: word=youthful, pos=6168
< 1057: word=planets, pos=6177
< 1058: word=where, pos=6186
< 1059: word=the, pos=6192
< 1060: word=raw, pos=6196
< 1061: word=material, pos=6200
< 1062: word=for, pos=6209
< 1063: word=biological, pos=6213
< 1064: word=evolution, pos=6224
< 1065: word=is, pos=6234
< 1066: word=sometimes, pos=6237
< 1067: word=made, pos=6247
< 1068: word=by, pos=6252
< 1069: word=the, pos=6255
< 1070: word=explosion, pos=6259
< 1071: word=of, pos=6269
< 1072: word=a, pos=6272
< 1073: word=star, pos=6274
< 1074: word=halfway, pos=6279
< 1075: word=across, pos=6287
< 1076: word=the, pos=6294
< 1077: word=milky, pos=6298
< 1078: word=way, pos=6304
< 1079: word=where, pos=6309
< 1080: word=a, pos=6315
< 1081: word=thing, pos=6317
< 1082: word=as, pos=6323
< 1083: word=beautiful, pos=6326
< 1084: word=as, pos=6336
< 1085: word=a, pos=6339
< 1086: word=galaxy, pos=6341
< 1087: word=is, pos=6348
< 1088: word=formed, pos=6351
< 1089: word=a, pos=6358
< 1090: word=hundred, pos=6360
< 1091: word=billion, pos=6368
< 1092: word=times, pos=6376
< 1093: word=a, pos=6384
< 1094: word=cosmos, pos=6386
< 1095: word=of, pos=6393
< 1096: word=quasars, pos=6396
< 1097: word=and, pos=6404
< 1098: word=quarks, pos=6408
< 1099: word=snowflakes, pos=6416
< 1100: word=and, pos=6427
< 1101: word=fireflies, pos=6431
< 1102: word=where, pos=6442
< 1103: word=there, pos=6448
< 1104: word=may, pos=6454
< 1105: word=be, pos=6458
< 1106: word=black, pos=6461
< 1107: word=holes, pos=6467
< 1108: word=and, pos=6473
< 1109: word=other, pos=6477
< 1110: word=universe, pos=6483
< 1111: word=and, pos=6492
< 1112: word=extraterrestrial, pos=6496
< 1113: word=civilizations, pos=6513
< 1114: word=whose, pos=6527
< 1115: word=radio, pos=6533
< 1116: word=messages, pos=6539
< 1117: word=are, pos=6548
< 1118: word=at, pos=6552
< 1119: word=this, pos=6555
< 1120: word=moment, pos=6560
< 1121: word=reaching, pos=6567
< 1122: word=the, pos=6576
< 1123: word=earth, pos=6580
< 1124: word=how, pos=6587
< 1125: word=pallid, pos=6591
< 1126: word=by, pos=6598
< 1127: word=comparison, pos=6601
< 1128: word=are, pos=6612
< 1129: word=the, pos=6616
< 1130: word=pretensions, pos=6620
< 1131: word=of, pos=6632
< 1132: word=superstition, pos=6635
< 1133: word=and, pos=6648
< 1134: word=pseudoscience, pos=6652
< 1135: word=how, pos=6667
< 1136: word=important, pos=6671
< 1137: word=it, pos=6681
< 1138: word=is, pos=6684
< 1139: word=for, pos=6687
< 1140: word=us, pos=6691
< 1141: word=to, pos=6694
< 1142: word=pursue, pos=6697
< 1143: word=and, pos=6704
< 1144: word=understand, pos=6708
< 1145: word=science, pos=6719
< 1146: word=that, pos=6728
< 1147: word=characteristically, pos=6733
< 1148: word=human, pos=6752
< 1149: word=endeavor, pos=6758
< 1150: word=carl, pos=6772
< 1151: word=sagan, pos=6777
< 1152: word=cosmos, pos=6784
< 1153: word=likes, pos=6794
< 1154: word=like, pos=6800
< 1155: word=books, pos=6805
< 1156: word=are, pos=6811
< 1157: word=like, pos=6815
< 1158: word=seeds, pos=6820
< 1159: word=they, pos=6827
< 1160: word=can, pos=6832
< 1161: word=lie, pos=6836
< 1162: word=dormant, pos=6840
< 1163: word=for, pos=6848
< 1164: word=centuries, pos=6852
< 1165: word=and, pos=6862
< 1166: word=then, pos=6866
< 1167: word=flower, pos=6871
< 1168: word=in, pos=6878
< 1169: word=the, pos=6881
< 1170: word=most, pos=6885
< 1171: word=unpromising, pos=6890
< 1172: word=soil, pos=6902
< 1173: word=carl, pos=6911
< 1174: word=sagan, pos=6916
< 1175: word=cosmos, pos=6923
< 1176: word=tags, pos=6930
< 1177: word=books, pos=6936
< 1178: word=likes, pos=6945
< 1179: word=like, pos=6951
< 1180: word=if, pos=6956
< 1181: word=we, pos=6959
< 1182: word=long, pos=6962
< 1183: word=for, pos=6967
< 1184: word=our, pos=6971
< 1185: word=planet, pos=6975
< 1186: word=to, pos=6982
< 1187: word=be, pos=6985
< 1188: word=important, pos=6988
< 1189: word=there, pos=6999
< 1190: word=is, pos=7005
< 1191: word=something, pos=7008
< 1192: word=we, pos=7018
< 1193: word=can, pos=7021
< 1194: word=do, pos=7025
< 1195: word=about, pos=7028
< 1196: word=it, pos=7034
< 1197: word=we, pos=7038
< 1198: word=make, pos=7041
< 1199: word=our, pos=7046
< 1200: word=world, pos=7050
< 1201: word=significant, pos=7056
< 1202: word=by, pos=7068
< 1203: word=the, pos=7071
< 1204: word=courage, pos=7075
< 1205: word=of, pos=7083
< 1206: word=our, pos=7086
< 1207: word=questions, pos=7090
< 1208: word=and, pos=7100
< 1209: word=by, pos=7104
< 1210: word=the, pos=7107
< 1211: word=depth, pos=7111
< 1212: word=of, pos=7117
< 1213: word=our, pos=7120
< 1214: word=answers, pos=7124
< 1215: word=carl, pos=7136
< 1216: word=sagan, pos=7141
< 1217: word=cosmos, pos=7148
< 1218: word=tags, pos=7155
< 1219: word=humanity, pos=7161
< 1220: word=sagan, pos=7171
< 1221: word=science, pos=7178
< 1222: word=likes, pos=7189
< 1223: word=like, pos=7195
< 1224: word=we, pos=7200
< 1225: word=are, pos=7203
< 1226: word=star, pos=7207
< 1227: word=stuff, pos=7212
< 1228: word=which, pos=7218
< 1229: word=has, pos=7224
< 1230: word=taken, pos=7228
< 1231: word=its, pos=7234
< 1232: word=destiny, pos=7238
< 1233: word=into, pos=7246
< 1234: word=its, pos=7251
< 1235: word=own, pos=7255
< 1236: word=hands, pos=7259
< 1237: word=carl, pos=7269
< 1238: word=sagan, pos=7274
< 1239: word=cosmos, pos=7281
< 1240: word=tags, pos=7288
< 1241: word=science, pos=7294
< 1242: word=likes, pos=7305
< 1243: word=like, pos=7311
< 1244: word=it, pos=7316
< 1245: word=is, pos=7319
< 1246: word=said, pos=7322
< 1247: word=that, pos=7327
< 1248: word=men, pos=7332
< 1249: word=may, pos=7336
< 1250: word=not, pos=7340
< 1251: word=be, pos=7344
< 1252: word=the, pos=7347
< 1253: word=dreams, pos=7351
< 1254: word=of, pos=7358
< 1255: word=the, pos=7361
< 1256: word=god, pos=7365
< 1257: word=but, pos=7370
< 1258: word=rather, pos=7374
< 1259: word=that, pos=7381
< 1260: word=the, pos=7386
< 1261: word=gods, pos=7390
< 1262: word=are, pos=7395
< 1263: word=the, pos=7399
< 1264: word=dreams, pos=7403
< 1265: word=of, pos=7410
< 1266: word=men, pos=7413
< 1267: word=carl, pos=7421
< 1268: word=sagan, pos=7426
< 1269: word=cosmos, pos=7433
< 1270: word=tags, pos=7440
< 1271: word=atheism, pos=7446
< 1272: word=dreams, pos=7455
< 1273: word=god, pos=7463
< 1274: word=gods, pos=7468
< 1275: word=likes, pos=7476
< 1276: word=like, pos=7482
< 1277: word=we, pos=7487
< 1278: word=have, pos=7490
< 1279: word=begun, pos=7495
< 1280: word=to, pos=7501
< 1281: word=contemplate, pos=7504
< 1282: word=our, pos=7516
< 1283: word=origins, pos=7520
< 1284: word=starstuff, pos=7529
< 1285: word=pondering, pos=7539
< 1286: word=the, pos=7549
< 1287: word=stars, pos=7553
< 1288: word=organized, pos=7560
< 1289: word=assemblages, pos=7570
< 1290: word=of, pos=7582
< 1291: word=ten, pos=7585
< 1292: word=billion, pos=7589
< 1293: word=billion, pos=7597
< 1294: word=billion, pos=7605
< 1295: word=atoms, pos=7613
< 1296: word=considering, pos=7619
< 1297: word=the, pos=7631
< 1298: word=evolution, pos=7635
< 1299: word=of, pos=7645
< 1300: word=atoms, pos=7648
< 1301: word=tracing, pos=7655
< 1302: word=the, pos=7663
< 1303: word=long, pos=7667
< 1304: word=journey, pos=7672
< 1305: word=by, pos=7680
< 1306: word=which, pos=7683
< 1307: word=here, pos=7690
< 1308: word=at, pos=7695
< 1309: word=least, pos=7698
< 1310: word=consciousness, pos=7705
< 1311: word=arose, pos=7719
< 1312: word=carl, pos=7729
< 1313: word=sagan, pos=7734
< 1314: word=cosmos, pos=7741
< 1315: word=likes, pos=7751
< 1316: word=like, pos=7757
< 1317: word=theres, pos=7762
< 1318: word=as, pos=7769
< 1319: word=many, pos=7772
< 1320: word=atoms, pos=7777
< 1321: word=in, pos=7783
< 1322: word=a, pos=7786
< 1323: word=single, pos=7788
< 1324: word=molecule, pos=7795
< 1325: word=of, pos=7804
< 1326: word=your, pos=7807
< 1327: word=dna, pos=7812
< 1328: word=as, pos=7816
< 1329: word=there, pos=7819
< 1330: word=are, pos=7825
< 1331: word=stars, pos=7829
< 1332: word=in, pos=7835
< 1333: word=the, pos=7838
< 1334: word=typical, pos=7842
< 1335: word=galaxy, pos=7850
< 1336: word=we, pos=7858
< 1337: word=are, pos=7861
< 1338: word=each, pos=7866
< 1339: word=of, pos=7871
< 1340: word=us, pos=7874
< 1341: word=a, pos=7878
< 1342: word=little, pos=7880
< 1343: word=universe, pos=7887
< 1344: word=neil, pos=7900
< 1345: word=degrasse, pos=7905
< 1346: word=tyson, pos=7914
< 1347: word=cosmos, pos=7921
< 1348: word=tags, pos=7928
< 1349: word=galaxies, pos=7934
< 1350: word=science, pos=7944
< 1351: word=stars, pos=7953
< 1352: word=universe, pos=7960
< 1353: word=likes, pos=7972
< 1354: word=like, pos=7978
< 1355: word=the, pos=7983
< 1356: word=cosmos, pos=7987
< 1357: word=is, pos=7994
< 1358: word=all, pos=7997
< 1359: word=that, pos=8001
< 1360: word=is, pos=8006
< 1361: word=or, pos=8009
< 1362: word=ever, pos=8012
< 1363: word=was, pos=8017
< 1364: word=or, pos=8021
< 1365: word=ever, pos=8024
< 1366: word=will, pos=8029
< 1367: word=be, pos=8034
< 1368: word=carl, pos=8041
< 1369: word=sagan, pos=8046
< 1370: word=cosmos, pos=8053
< 1371: word=likes, pos=8063
< 1372: word=like, pos=8069
< 1373: word=what, pos=8074
< 1374: word=a, pos=8079
< 1375: word=marvelous, pos=8081
< 1376: word=cooperative, pos=8091
< 1377: word=arrangement, pos=8103
< 1378: word=plants, pos=8117
< 1379: word=and, pos=8124
< 1380: word=animals, pos=8128
< 1381: word=each, pos=8136
< 1382: word=inhaling, pos=8141
< 1383: word=each, pos=8150
< 1384: word=other, pos=8155
< 1385: word=s, pos=8161
< 1386: word=exhalations, pos=8163
< 1387: word=a, pos=8176
< 1388: word=kind, pos=8178
< 1389: word=of, pos=8183
< 1390: word=planet, pos=8186
< 1391: word=wide, pos=8193
< 1392: word=mutual, pos=8198
< 1393: word=mouth, pos=8205
< 1394: word=to, pos=8211
< 1395: word=stoma, pos=8214
< 1396: word=resuscitation, pos=8220
< 1397: word=the, pos=8235
< 1398: word=entire, pos=8239
< 1399: word=elegant, pos=8246
< 1400: word=cycle, pos=8254
< 1401: word=powered, pos=8260
< 1402: word=by, pos=8268
< 1403: word=a, pos=8271
< 1404: word=star, pos=8273
< 1405: word=million, pos=8282
< 1406: word=kilometers, pos=8290
< 1407: word=away, pos=8301
< 1408: word=carl, pos=8310
< 1409: word=sagan, pos=8315
< 1410: word=cosmos, pos=8322
< 1411: word=tags, pos=8329
< 1412: word=nature, pos=8335
< 1413: word=science, pos=8343
< 1414: word=likes, pos=8354
< 1415: word=like, pos=8360
< 1416: word=one, pos=8365
< 1417: word=of, pos=8369
< 1418: word=the, pos=8372
< 1419: word=saddest, pos=8376
< 1420: word=lessons, pos=8384
< 1421: word=of, pos=8392
< 1422: word=history, pos=8395
< 1423: word=is, pos=8403
< 1424: word=this, pos=8406
< 1425: word=if, pos=8412
< 1426: word=we, pos=8415
< 1427: word=ve, pos=8418
< 1428: word=been, pos=8421
< 1429: word=bamboozled, pos=8426
< 1430: word=long, pos=8437
< 1431: word=enough, pos=8442
< 1432: word=we, pos=8450
< 1433: word=tend, pos=8453
< 1434: word=to, pos=8458
< 1435: word=reject, pos=8461
< 1436: word=any, pos=8468
< 1437: word=evidence, pos=8472
< 1438: word=of, pos=8481
< 1439: word=the, pos=8484
< 1440: word=bamboozle, pos=8488
< 1441: word=we, pos=8499
< 1442: word=re, pos=8502
< 1443: word=no, pos=8505
< 1444: word=longer, pos=8508
< 1445: word=interested, pos=8515
< 1446: word=in, pos=8526
< 1447: word=finding, pos=8529
< 1448: word=out, pos=8537
< 1449: word=the, pos=8541
< 1450: word=truth, pos=8545
< 1451: word=the, pos=8552
< 1452: word=bamboozle, pos=8556
< 1453: word=has, pos=8566
< 1454: word=captured, pos=8570
< 1455: word=us, pos=8579
< 1456: word=it, pos=8583
< 1457: word=is, pos=8586
< 1458: word=simply, pos=8589
< 1459: word=too, pos=8596
< 1460: word=painful, pos=8600
< 1461: word=to, pos=8608
< 1462: word=acknowledge, pos=8611
< 1463: word=even, pos=8626
< 1464: word=to, pos=8631
< 1465: word=ourselves, pos=8634
< 1466: word=that, pos=8647
< 1467: word=we, pos=8652
< 1468: word=ve, pos=8655
< 1469: word=been, pos=8658
< 1470: word=so, pos=8663
< 1471: word=credulous, pos=8666
< 1472: word=so, pos=8678
< 1473: word=the, pos=8681
< 1474: word=old, pos=8685
< 1475: word=bamboozles, pos=8689
< 1476: word=tend, pos=8700
< 1477: word=to, pos=8705
< 1478: word=persist, pos=8708
< 1479: word=as, pos=8716
< 1480: word=the, pos=8719
< 1481: word=new, pos=8723
< 1482: word=bamboozles, pos=8727
< 1483: word=rise, pos=8738
< 1484: word=carl, pos=8748
< 1485: word=sagan, pos=8753
< 1486: word=cosmos, pos=8760
< 1487: word=tags, pos=8767
< 1488: word=reasoning, pos=8773
< 1489: word=truth, pos=8784
< 1490: word=likes, pos=8793
< 1491: word=like, pos=8799
< 1492: word=when, pos=8804
< 1493: word=we, pos=8809
< 1494: word=look, pos=8812
< 1495: word=up, pos=8817
< 1496: word=at, pos=8820
< 1497: word=night, pos=8823
< 1498: word=and, pos=8829
< 1499: word=view, pos=8833
< 1500: word=the, pos=8838
< 1501: word=stars, pos=8842
< 1502: word=everything, pos=8849
< 1503: word=we, pos=8860
< 1504: word=see, pos=8863
< 1505: word=is, pos=8867
< 1506: word=shinning, pos=8870
< 1507: word=because, pos=8879
< 1508: word=of, pos=8887
< 1509: word=distant, pos=8890
< 1510: word=nuclear, pos=8898
< 1511: word=fusion, pos=8906
< 1512: word=carl, pos=8917
< 1513: word=sagan, pos=8922
< 1514: word=cosmos, pos=8929
---
> ===== Segments for word "atoms" in book "sagan.txt" =====
> ---------- pos=446-----
> ......atoms, cosmos, dna, sense-of-wonder, stars 1468 likes like
> If you wish to make an apple pie from scratch, you must first invent the
> universe. 
> ? Carl Sagan, Cosmos
> tags: science 1063 likes like
> What a......
> ---------- pos=2239-----
> ......atoms that go into it, but the way
> those atoms are put together. 
> ? Carl Sagan, Cosmos
> tags: atoms, beauty, cosmos, philosophy, science, universe 172 likes like
> The absence of evidence is not the evid......
> ---------- pos=2280-----
> ......atoms are put together. 
> ? Carl Sagan, Cosmos
> tags: atoms, beauty, cosmos, philosophy, science, universe 172 likes like
> The absence of evidence is not the evidence of absence. 
> ? Carl Sagan, Cosmos
> 14......
> ---------- pos=2332-----
> ......atoms, beauty, cosmos, philosophy, science, universe 172 likes like
> The absence of evidence is not the evidence of absence. 
> ? Carl Sagan, Cosmos
> 149 likes like
> The Cosmos is all that is or was or eve......
> ---------- pos=4977-----
> ......Atoms are mainly empty space. Matter is composed chiefly of nothing. 
> ? Carl Sagan, Cosmos
> 74 likes like
> The Hindu religion is the only one of the worlds great faiths dedicated to the
> idea that the Co......
> ---------- pos=6010-----
> ......atoms are made in the centers of stars; where each
> second a thousand suns are born; where life is sparked by sunlight and
> lightning in the airs and waters of youthful planets; where the raw material
> f......
> ---------- pos=7613-----
> ......atoms considering the
> evolution of atoms; tracing the long journey by which, here at least,
> consciousness arose. 
> ? Carl Sagan, Cosmos
> 40 likes like
> Theres as many atoms in a single molecule of your D......
> ---------- pos=7648-----
> ......atoms; tracing the long journey by which, here at least,
> consciousness arose. 
> ? Carl Sagan, Cosmos
> 40 likes like
> Theres as many atoms in a single molecule of your DNA as there are stars in
> the typica......
> ---------- pos=7777-----
> ......atoms in a single molecule of your DNA as there are stars in
> the typical galaxy. We are, each of us, a little universe. 
> ? Neil deGrasse Tyson, Cosmos
> tags: galaxies, science, stars, universe 36 likes......
