 16
 2
 2
 2
 8
 2
 4
 2
 2
 2
 2
across 6
aired 1
al 4
alan 1
along 1
among 1
and 2
animation 1
ann 1
annel 4
approach 1
are 1
as 2
asting 1
augmenting 1
backing 1
been 1
braga 1
brannon 1
bringing 1
broadcast 1
broadcast 1
broadcasting 3
but 1
by 1
calendar 1
century 1
channel 1
clout 1
co 1
college 1
computer 1
concluded 1
content 1
cosmic 1
countries 1
creator 1
degrasse 1
dozens 1
druyan 1
ed 1
el 1
elements 1
emainder 1
entire 1
episode 1
episodes 1
es 7
es 1
executive 1
extensive 1
extra 1
f 1
features 1
financial 1
follows 1
footage 1
format 1
fox 3
generated 1
geographic 2
graphic 2
graphics 1
h 1
h 5
has 3
he 1
home 1
ies 1
imagination 1
in 3
including 1
inder 4
information 1
inspired 1
instrumental 1
internationally 1
investment 1
june 2
local 1
loosely 1
macfarlane 1
march 1
media 1
narration 1
national 2
nationally 1
neil 1
network 1
networks 1
next 1
night 1
ocal 1
of 3
on 4
original 2
other 1
premiered 1
produced 1
producers 1
provides 1
rebroadcast 1
rebroadcasting 1
release 1
remainder 1
ries 1
s 1
same 1
score 1
series 5
seth 1
ship 1
silvestri 1
simultaneously 1
since 1
sodes 1
st 1
stations 1
storytelling 1
student 1
such 1
t 1
taneously 2
ten 1
that 1
the 6
thirteen 1
tional 1
tra 1
tyson 1
updated 1
us 1
used 1
were 1
who 1
whose 1
widow 1
with 4
with 11
work 1
x 4
y 19
y 1
young 1
zens 1
